Created by PLY version 3.11 (http://www.dabeaz.com/ply)

Grammar

Rule 0     S' -> expresion
Rule 1     expresion -> expresion MAS expresion
Rule 2     expresion -> NUMERO

Terminals, with rules where they appear

MAS                  : 1
NUMERO               : 2
error                : 

Nonterminals, with rules where they appear

expresion            : 1 1 0

Parsing method: LALR

state 0

    (0) S' -> . expresion
    (1) expresion -> . expresion MAS expresion
    (2) expresion -> . NUMERO

    NUMERO          shift and go to state 2

    expresion                      shift and go to state 1

state 1

    (0) S' -> expresion .
    (1) expresion -> expresion . MAS expresion

    MAS             shift and go to state 3


state 2

    (2) expresion -> NUMERO .

    MAS             reduce using rule 2 (expresion -> NUMERO .)
    $end            reduce using rule 2 (expresion -> NUMERO .)


state 3

    (1) expresion -> expresion MAS . expresion
    (1) expresion -> . expresion MAS expresion
    (2) expresion -> . NUMERO

    NUMERO          shift and go to state 2

    expresion                      shift and go to state 4

state 4

    (1) expresion -> expresion MAS expresion .
    (1) expresion -> expresion . MAS expresion

    MAS             reduce using rule 1 (expresion -> expresion MAS expresion .)
    $end            reduce using rule 1 (expresion -> expresion MAS expresion .)

  ! MAS             [ shift and go to state 3 ]

